<?xml version="1.0" encoding="UTF-8"?>
<testsuite name="com.example.tests.IMDB_selenide" tests="1" skipped="0" failures="0" errors="0" timestamp="2025-05-27T10:55:33.773Z" hostname="ASUS" time="27.482">
  <properties/>
  <testcase name="searchAndVerifyMovie" classname="com.example.tests.IMDB_selenide" time="27.482"/>
  <system-out><![CDATA[1. Anjana Vasan
2. Cristin Milioti
3. Jimmi Simpson
4. Billy Magnussen
5. Jesse Plemons
6. Wunmi Mosaku
7. Monica Dolan
8. Milanka Brooks
9. Osy Ikhile
10. Daniel Lapaine
11. Hannah John-Kamen
12. Michaela Coel
13. Aaron Paul
14. Paul G. Raymond
15. Kenneth Collard
16. Joshua James
17. Kavé Niku
18. Rebecca Ozer
]]></system-out>
  <system-err><![CDATA[[Test worker] INFO com.codeborne.selenide.impl.WebDriverThreadLocalContainer - No webdriver is bound to current thread: 1 - let's create a new webdriver
[Test worker] INFO com.codeborne.selenide.impl.FileHelper - Creating folder: C:\Users\adven\Downloads\imdb-test-auto\imdb-test-automation\build\downloads\1748343333941_9264_1
[Test worker] INFO com.codeborne.selenide.webdriver.SelenideNettyClientFactory - Changed readTimeout from PT3M to PT1M30S
[Test worker] INFO com.codeborne.selenide.webdriver.SelenideNettyClientFactory - Changed readTimeout from PT3M to PT1M30S
May 27, 2025 1:55:36 PM org.openqa.selenium.devtools.CdpVersionFinder findNearestMatch
WARNING: Unable to find CDP implementation matching 137
May 27, 2025 1:55:36 PM org.openqa.selenium.chromium.ChromiumDriver lambda$new$5
WARNING: Unable to find version of CDP to use for 137.0.7151.41. You may need to include a dependency on a specific version of the CDP using something similar to `org.seleniumhq.selenium:selenium-devtools-v86:4.11.0` where the version ("v86") matches the version of the chromium-based browser you're using and the version number of the artifact is the same as Selenium's.
[Test worker] INFO com.codeborne.selenide.webdriver.WebDriverFactory - BrowserName=chrome Version=137.0.7151.41 Platform=windows
[Test worker] INFO com.codeborne.selenide.webdriver.WebDriverFactory - Selenide v. 6.17.1
[Test worker] INFO com.codeborne.selenide.webdriver.WebDriverFactory - Selenium WebDriver v. 4.11.0 build revision: 040bc5406b
[Test worker] INFO com.codeborne.selenide.drivercommands.CreateDriverCommand - Created webdriver in thread 1: ChromeDriver -> ChromeDriver: chrome on windows (257575af2f63253d258c5d7965a93a87)
[Test worker] INFO com.codeborne.selenide.drivercommands.DisposablesRegistry - Register WebDriverInstance[config=StaticConfig,webDriver=ChromeDriver: chrome on windows (257575af2f63253d258c5d7965a93a87),proxy=null,downloadsFolder=C:\Users\adven\Downloads\imdb-test-auto\imdb-test-automation\build\downloads\1748343333941_9264_1] in 1 [size=1]
[Test worker] INFO com.codeborne.selenide.drivercommands.DisposablesRegistry - Add shutdown hook in 1 [size=1]
]]></system-err>
</testsuite>
